[2018-01-23T14:48:17.534+0100] [glassfish 4.1] [INFO] [NCLS-LOGGING-00009] [javax.enterprise.logging] [tid: _ThreadID=17 _ThreadName=RunLevelControllerThread-1516715297250] [timeMillis: 1516715297534] [levelValue: 800] [[
  Running GlassFish Version: GlassFish Server Open Source Edition  4.1.1  (build 1)]]

[2018-01-23T14:48:17.542+0100] [glassfish 4.1] [INFO] [NCLS-LOGGING-00010] [javax.enterprise.logging] [tid: _ThreadID=17 _ThreadName=RunLevelControllerThread-1516715297250] [timeMillis: 1516715297542] [levelValue: 800] [[
  Server log file is using Formatter class: com.sun.enterprise.server.logging.ODLLogFormatter]]

[2018-01-23T14:48:17.743+0100] [glassfish 4.1] [INFO] [NCLS-SECURITY-01115] [javax.enterprise.system.core.security] [tid: _ThreadID=18 _ThreadName=RunLevelControllerThread-1516715297267] [timeMillis: 1516715297743] [levelValue: 800] [[
  Realm [admin-realm] of classtype [com.sun.enterprise.security.auth.realm.file.FileRealm] successfully created.]]

[2018-01-23T14:48:17.750+0100] [glassfish 4.1] [INFO] [NCLS-SECURITY-01115] [javax.enterprise.system.core.security] [tid: _ThreadID=18 _ThreadName=RunLevelControllerThread-1516715297267] [timeMillis: 1516715297750] [levelValue: 800] [[
  Realm [file] of classtype [com.sun.enterprise.security.auth.realm.file.FileRealm] successfully created.]]

[2018-01-23T14:48:17.763+0100] [glassfish 4.1] [INFO] [NCLS-SECURITY-01115] [javax.enterprise.system.core.security] [tid: _ThreadID=18 _ThreadName=RunLevelControllerThread-1516715297267] [timeMillis: 1516715297763] [levelValue: 800] [[
  Realm [certificate] of classtype [com.sun.enterprise.security.auth.realm.certificate.CertificateRealm] successfully created.]]

[2018-01-23T14:48:17.915+0100] [glassfish 4.1] [INFO] [] [org.hibernate.validator.internal.util.Version] [tid: _ThreadID=19 _ThreadName=RunLevelControllerThread-1516715297269] [timeMillis: 1516715297915] [levelValue: 800] [[
  HV000001: Hibernate Validator 5.1.2.Final]]

[2018-01-23T14:48:18.037+0100] [glassfish 4.1] [INFO] [SEC-SVCS-00100] [javax.enterprise.security.services] [tid: _ThreadID=17 _ThreadName=RunLevelControllerThread-1516715297250] [timeMillis: 1516715298037] [levelValue: 800] [[
  Authorization Service has successfully initialized.]]

[2018-01-23T14:48:18.455+0100] [glassfish 4.1] [INFO] [] [org.glassfish.ha.store.spi.BackingStoreFactoryRegistry] [tid: _ThreadID=16 _ThreadName=RunLevelControllerThread-1516715297247] [timeMillis: 1516715298455] [levelValue: 800] [[
  Registered org.glassfish.ha.store.adapter.cache.ShoalBackingStoreProxy for persistence-type = replicated in BackingStoreFactoryRegistry]]

[2018-01-23T14:48:18.635+0100] [glassfish 4.1] [WARNING] [] [org.glassfish.grizzly.config.Utils] [tid: _ThreadID=18 _ThreadName=RunLevelControllerThread-1516715297267] [timeMillis: 1516715298635] [levelValue: 900] [[
  Instance could not be initialized. Class=interface org.glassfish.grizzly.http.server.AddOn, name=http-listener-1, realClassName=org.glassfish.grizzly.http2.Http2AddOn]]

[2018-01-23T14:48:18.857+0100] [glassfish 4.1] [WARNING] [] [org.glassfish.grizzly.config.Utils] [tid: _ThreadID=18 _ThreadName=RunLevelControllerThread-1516715297267] [timeMillis: 1516715298857] [levelValue: 900] [[
  Instance could not be initialized. Class=interface org.glassfish.grizzly.http.server.AddOn, name=http-listener-2, realClassName=org.glassfish.grizzly.http2.Http2AddOn]]

[2018-01-23T14:48:18.875+0100] [glassfish 4.1] [WARNING] [] [org.glassfish.grizzly.config.Utils] [tid: _ThreadID=18 _ThreadName=RunLevelControllerThread-1516715297267] [timeMillis: 1516715298875] [levelValue: 900] [[
  Instance could not be initialized. Class=interface org.glassfish.grizzly.http.server.AddOn, name=admin-listener, realClassName=org.glassfish.grizzly.http2.Http2AddOn]]

[2018-01-23T14:48:18.946+0100] [glassfish 4.1] [INFO] [NCLS-CORE-00017] [javax.enterprise.system.core] [tid: _ThreadID=1 _ThreadName=main] [timeMillis: 1516715298946] [levelValue: 800] [[
  GlassFish Server Open Source Edition  4.1.1  (1) startup time : Felix (5 800ms), startup services(1 709ms), total(7 509ms)]]

[2018-01-23T14:48:18.947+0100] [glassfish 4.1] [SEVERE] [NCLS-CORE-00019] [javax.enterprise.system.core] [tid: _ThreadID=1 _ThreadName=main] [timeMillis: 1516715298947] [levelValue: 1000] [[
  Shutting down server due to startup exception
java.net.BindException: Address already in use
	at sun.nio.ch.Net.bind0(Native Method)
	at sun.nio.ch.Net.bind(Net.java:433)
	at sun.nio.ch.Net.bind(Net.java:425)
	at sun.nio.ch.ServerSocketChannelImpl.bind(ServerSocketChannelImpl.java:223)
	at sun.nio.ch.ServerSocketAdaptor.bind(ServerSocketAdaptor.java:74)
	at org.glassfish.grizzly.nio.transport.TCPNIOBindingHandler.bindToChannelAndAddress(TCPNIOBindingHandler.java:131)
	at org.glassfish.grizzly.nio.transport.TCPNIOBindingHandler.bind(TCPNIOBindingHandler.java:88)
	at org.glassfish.grizzly.nio.transport.TCPNIOTransport.bind(TCPNIOTransport.java:248)
	at org.glassfish.grizzly.nio.transport.TCPNIOTransport.bind(TCPNIOTransport.java:237)
	at org.glassfish.grizzly.nio.transport.TCPNIOTransport.bind(TCPNIOTransport.java:86)
	at org.glassfish.grizzly.config.GenericGrizzlyListener.start(GenericGrizzlyListener.java:184)
	at com.sun.enterprise.v3.services.impl.GlassfishNetworkListener.start(GlassfishNetworkListener.java:109)
	at com.sun.enterprise.v3.services.impl.GrizzlyProxy.start0(GrizzlyProxy.java:267)
	at com.sun.enterprise.v3.services.impl.GrizzlyProxy.start(GrizzlyProxy.java:241)
	at com.sun.enterprise.v3.services.impl.GrizzlyService.createNetworkProxy(GrizzlyService.java:567)
	at com.sun.enterprise.v3.services.impl.GrizzlyService.postConstruct(GrizzlyService.java:490)
	at org.jvnet.hk2.internal.ClazzCreator.postConstructMe(ClazzCreator.java:326)
	at org.jvnet.hk2.internal.ClazzCreator.create(ClazzCreator.java:374)
	at org.jvnet.hk2.internal.SystemDescriptor.create(SystemDescriptor.java:471)
	at org.glassfish.hk2.runlevel.internal.AsyncRunLevelContext.findOrCreate(AsyncRunLevelContext.java:228)
	at org.glassfish.hk2.runlevel.RunLevelContext.findOrCreate(RunLevelContext.java:85)
	at org.jvnet.hk2.internal.Utilities.createService(Utilities.java:2072)
	at org.jvnet.hk2.internal.ServiceHandleImpl.getService(ServiceHandleImpl.java:114)
	at org.jvnet.hk2.internal.ServiceHandleImpl.getService(ServiceHandleImpl.java:88)
	at org.glassfish.hk2.runlevel.internal.CurrentTaskFuture$QueueRunner.oneJob(CurrentTaskFuture.java:1213)
	at org.glassfish.hk2.runlevel.internal.CurrentTaskFuture$QueueRunner.run(CurrentTaskFuture.java:1144)
	at org.glassfish.hk2.runlevel.internal.CurrentTaskFuture$UpOneLevel.run(CurrentTaskFuture.java:762)
	at java.util.concurrent.ThreadPoolExecutor.runWorker(ThreadPoolExecutor.java:1142)
	at java.util.concurrent.ThreadPoolExecutor$Worker.run(ThreadPoolExecutor.java:617)
	at java.lang.Thread.run(Thread.java:748)
]]

[2018-01-23T14:48:19.007+0100] [glassfish 4.1] [INFO] [NCLS-CORE-00092] [javax.enterprise.system.core] [tid: _ThreadID=54 _ThreadName=Thread-11] [timeMillis: 1516715299007] [levelValue: 800] [[
  Server shutdown initiated]]

[2018-01-23T14:48:19.007+0100] [glassfish 4.1] [INFO] [NCLS-BOOTSTRAP-00027] [javax.enterprise.bootstrap] [tid: _ThreadID=1 _ThreadName=main] [timeMillis: 1516715299007] [levelValue: 800] [[
  Registered com.sun.enterprise.glassfish.bootstrap.osgi.EmbeddedOSGiGlassFishImpl@10e5bf9c as OSGi service registration: org.apache.felix.framework.ServiceRegistrationImpl@77d4ac52.]]

[2018-01-23T14:48:19.039+0100] [glassfish 4.1] [INFO] [NCLS-BOOTSTRAP-00028] [javax.enterprise.bootstrap] [tid: _ThreadID=54 _ThreadName=Thread-11] [timeMillis: 1516715299039] [levelValue: 800] [[
  Unregistered com.sun.enterprise.glassfish.bootstrap.osgi.EmbeddedOSGiGlassFishImpl@10e5bf9c from service registry.]]

[2018-01-23T14:48:19.041+0100] [glassfish 4.1] [INFO] [] [] [tid: _ThreadID=54 _ThreadName=Thread-8] [timeMillis: 1516715299041] [levelValue: 800] [[
  FileMonitoring shutdown]]

